<?xml version="1.0" encoding="UTF-8"?>
<testng-results ignored="0" total="0" passed="0" failed="0" skipped="0">
  <reporter-output>
  </reporter-output>
  <suite started-at="2023-03-23T16:44:31 IST" name="Surefire suite" finished-at="2023-03-23T16:44:31 IST" duration-ms="11">
    <groups>
    </groups>
    <test started-at="2023-03-23T16:44:31 IST" name="Surefire test" finished-at="2023-03-23T16:44:31 IST" duration-ms="11">
      <class name="Api_Automation_Suite.version1.firsttest.BaseTest">
        <test-method is-config="true" signature="startTest()[pri:0, instance:Api_Automation_Suite.version1.firsttest.BaseTest@2b71e916]" started-at="2023-03-23T16:44:31 IST" name="startTest" finished-at="2023-03-23T16:44:31 IST" duration-ms="326" status="PASS">
          <reporter-output>
          </reporter-output>
        </test-method> <!-- startTest -->
        <test-method is-config="true" signature="flushReport()[pri:0, instance:Api_Automation_Suite.version1.firsttest.BaseTest@2b71e916]" started-at="2023-03-23T16:44:31 IST" name="flushReport" finished-at="2023-03-23T16:44:31 IST" duration-ms="22" status="PASS">
          <reporter-output>
          </reporter-output>
        </test-method> <!-- flushReport -->
      </class> <!-- Api_Automation_Suite.version1.firsttest.BaseTest -->
    </test> <!-- Surefire test -->
  </suite> <!-- Surefire suite -->
</testng-results>
