<?xml version="1.0" encoding="UTF-8"?>
<!-- Generated by org.testng.reporters.JUnitXMLReporter -->
<testsuite ignored="2" hostname="Sonalis-MacBook-Air.local" failures="0" tests="2" name="AppTest" time="11.218" errors="0" timestamp="2023-03-23T17:17:50 IST">
  <testcase classname="Api_Automation_Suite.version1.firsttest.AllTests" name="newtest" time="5.584"/>
  <testcase classname="Api_Automation_Suite.version1.firsttest.SecondApi" name="newtest2" time="5.585"/>
  <testcase classname="Api_Automation_Suite.version1.firsttest.BaseTest" name="@BeforeSuite startTest" time="0.0">
    <ignored/>
  </testcase> <!-- @BeforeSuite startTest -->
  <testcase classname="Api_Automation_Suite.version1.firsttest.BaseTest" name="@AfterSuite flushReport" time="0.0">
    <ignored/>
  </testcase> <!-- @AfterSuite flushReport -->
</testsuite> <!-- AppTest -->
