<?xml version="1.0" encoding="UTF-8"?>
<testng-results ignored="2" total="4" passed="2" failed="0" skipped="0">
  <reporter-output>
  </reporter-output>
  <suite started-at="2023-03-23T16:36:50 IST" name="Suite" finished-at="2023-03-23T16:37:04 IST" duration-ms="13311">
    <groups>
    </groups>
    <test started-at="2023-03-23T16:36:50 IST" name="AppTest" finished-at="2023-03-23T16:37:04 IST" duration-ms="13311">
      <class name="Api_Automation_Suite.version1.firsttest.AllTests">
        <test-method is-config="true" signature="startTest()[pri:0, instance:Api_Automation_Suite.version1.firsttest.AllTests@56a05324]" started-at="2023-03-23T16:36:50 IST" name="startTest" finished-at="2023-03-23T16:36:50 IST" duration-ms="290" status="PASS">
          <reporter-output>
          </reporter-output>
        </test-method> <!-- startTest -->
        <test-method signature="newtest()[pri:0, instance:Api_Automation_Suite.version1.firsttest.AllTests@56a05324]" started-at="2023-03-23T16:36:50 IST" name="newtest" finished-at="2023-03-23T16:36:59 IST" duration-ms="8560" status="PASS">
          <reporter-output>
          </reporter-output>
        </test-method> <!-- newtest -->
        <test-method is-config="true" signature="tearDown(org.testng.ITestResult)[pri:0, instance:Api_Automation_Suite.version1.firsttest.AllTests@56a05324]" started-at="2023-03-23T16:36:59 IST" name="tearDown" finished-at="2023-03-23T16:36:59 IST" duration-ms="13" status="PASS">
          <params>
            <param index="0">
              <value>
                <![CDATA[[TestResult name=newtest status=SUCCESS method=AllTests.newtest()[pri:0, instance:Api_Automation_Suite.version1.firsttest.AllTests@56a05324] output={null}]]]>
              </value>
            </param>
          </params>
          <reporter-output>
          </reporter-output>
        </test-method> <!-- tearDown -->
        <test-method is-config="true" signature="flushReport()[pri:0, instance:Api_Automation_Suite.version1.firsttest.AllTests@56a05324]" started-at="2023-03-23T16:37:04 IST" name="flushReport" finished-at="2023-03-23T16:37:04 IST" duration-ms="549" status="PASS">
          <reporter-output>
          </reporter-output>
        </test-method> <!-- flushReport -->
      </class> <!-- Api_Automation_Suite.version1.firsttest.AllTests -->
      <class name="Api_Automation_Suite.version1.firsttest.AllTests2">
        <test-method signature="newtest2()[pri:0, instance:Api_Automation_Suite.version1.firsttest.AllTests2@2a99ca99]" started-at="2023-03-23T16:36:59 IST" name="newtest2" finished-at="2023-03-23T16:37:04 IST" duration-ms="4650" status="PASS">
          <reporter-output>
          </reporter-output>
        </test-method> <!-- newtest2 -->
        <test-method is-config="true" signature="tearDown(org.testng.ITestResult)[pri:0, instance:Api_Automation_Suite.version1.firsttest.AllTests2@2a99ca99]" started-at="2023-03-23T16:37:04 IST" name="tearDown" finished-at="2023-03-23T16:37:04 IST" duration-ms="0" status="PASS">
          <params>
            <param index="0">
              <value>
                <![CDATA[[TestResult name=newtest2 status=SUCCESS method=AllTests2.newtest2()[pri:0, instance:Api_Automation_Suite.version1.firsttest.AllTests2@2a99ca99] output={null}]]]>
              </value>
            </param>
          </params>
          <reporter-output>
          </reporter-output>
        </test-method> <!-- tearDown -->
      </class> <!-- Api_Automation_Suite.version1.firsttest.AllTests2 -->
    </test> <!-- AppTest -->
  </suite> <!-- Suite -->
</testng-results>
