<?xml version="1.0" encoding="UTF-8"?>
<testng-results ignored="0" total="1" passed="1" failed="0" skipped="0">
  <reporter-output>
  </reporter-output>
  <suite started-at="2023-03-22T00:01:27 IST" name="Default suite" finished-at="2023-03-22T00:01:33 IST" duration-ms="6203">
    <groups>
    </groups>
    <test started-at="2023-03-22T00:01:27 IST" name="Default test" finished-at="2023-03-22T00:01:33 IST" duration-ms="6203">
      <class name="Api_Automation_Suite.version1.guice.LibraryTest">
        <test-method signature="librarytests()[pri:0, instance:Api_Automation_Suite.version1.guice.LibraryTest@1972e513]" started-at="2023-03-22T00:01:27 IST" name="librarytests" finished-at="2023-03-22T00:01:33 IST" duration-ms="6143" status="PASS">
          <reporter-output>
          </reporter-output>
        </test-method> <!-- librarytests -->
      </class> <!-- Api_Automation_Suite.version1.guice.LibraryTest -->
    </test> <!-- Default test -->
  </suite> <!-- Default suite -->
</testng-results>
